<?xml version="1.0" encoding="UTF-8"?>
<testsuite xmlns:xsi="http://www.w3.org/2001/XMLSchema-instance" xsi:noNamespaceSchemaLocation="https://maven.apache.org/surefire/maven-surefire-plugin/xsd/surefire-test-report.xsd" name="dataTest.TempConvertTests" time="0.177" tests="1" errors="1" skipped="0" failures="0">
  <properties>
[...]
</properties>
  <testcase name="initializationError" classname="dataTest.TempConvertTests" time="0.003">
    <error message="Unable to find a @SpringBootConfiguration, you need to use @ContextConfiguration or @SpringBootTest(classes=...) with your test" type="java.lang.IllegalStateException">java.lang.IllegalStateException: Unable to find a @SpringBootConfiguration, you need to use @ContextConfiguration or @SpringBootTest(classes=...) with your test
</error>
    <system-out><![CDATA[11:35:36.697 [main] DEBUG org.springframework.test.context.junit4.SpringJUnit4ClassRunner - SpringJUnit4ClassRunner constructor called with [class dataTest.TempConvertTests]
11:35:36.701 [main] DEBUG org.springframework.test.context.BootstrapUtils - Instantiating CacheAwareContextLoaderDelegate from class [org.springframework.test.context.cache.DefaultCacheAwareContextLoaderDelegate]
11:35:36.706 [main] DEBUG org.springframework.test.context.BootstrapUtils - Instantiating BootstrapContext using constructor [public org.springframework.test.context.support.DefaultBootstrapContext(java.lang.Class,org.springframework.test.context.CacheAwareContextLoaderDelegate)]
11:35:36.718 [main] DEBUG org.springframework.test.context.BootstrapUtils - Instantiating TestContextBootstrapper for test class [dataTest.TempConvertTests] from class [org.springframework.boot.test.context.SpringBootTestContextBootstrapper]
11:35:36.725 [main] INFO org.springframework.boot.test.context.SpringBootTestContextBootstrapper - Neither @ContextConfiguration nor @ContextHierarchy found for test class [dataTest.TempConvertTests], using SpringBootContextLoader
11:35:36.727 [main] DEBUG org.springframework.test.context.support.AbstractContextLoader - Did not detect default resource location for test class [dataTest.TempConvertTests]: class path resource [dataTest/TempConvertTests-context.xml] does not exist
11:35:36.727 [main] DEBUG org.springframework.test.context.support.AbstractContextLoader - Did not detect default resource location for test class [dataTest.TempConvertTests]: class path resource [dataTest/TempConvertTestsContext.groovy] does not exist
11:35:36.727 [main] INFO org.springframework.test.context.support.AbstractContextLoader - Could not detect default resource locations for test class [dataTest.TempConvertTests]: no resource found for suffixes {-context.xml, Context.groovy}.
11:35:36.728 [main] INFO org.springframework.test.context.support.AnnotationConfigContextLoaderUtils - Could not detect default configuration classes for test class [dataTest.TempConvertTests]: TempConvertTests does not declare any static, non-private, non-final, nested classes annotated with @Configuration.
11:35:36.749 [main] DEBUG org.springframework.test.context.support.ActiveProfilesUtils - Could not find an 'annotation declaring class' for annotation type [org.springframework.test.context.ActiveProfiles] and class [dataTest.TempConvertTests]
11:35:36.754 [main] DEBUG org.springframework.core.env.StandardEnvironment - Adding PropertySource 'systemProperties' with lowest search precedence
11:35:36.754 [main] DEBUG org.springframework.core.env.StandardEnvironment - Adding PropertySource 'systemEnvironment' with lowest search precedence
11:35:36.754 [main] DEBUG org.springframework.core.env.StandardEnvironment - Initialized StandardEnvironment with PropertySources [MapPropertySource@849373393 {name='systemProperties', properties={java.runtime.name=Java(TM) SE Runtime Environment, sun.boot.library.path=/usr/lib/jvm/java-8-oracle/jre/lib/amd64, java.vm.version=25.161-b12, java.vm.vendor=Oracle Corporation, java.vendor.url=http://java.oracle.com/, path.separator=:, java.vm.name=Java HotSpot(TM) 64-Bit Server VM, file.encoding.pkg=sun.io, user.country=US, sun.java.launcher=SUN_STANDARD, sun.os.patch.level=unknown, test=dataTest.TempConvertTests, java.vm.specification.name=Java Virtual Machine Specification, user.dir=/home/estudiante/Documents/examenfinal-arsw, java.runtime.version=1.8.0_161-b12, basedir=/home/estudiante/Documents/examenfinal-arsw, java.awt.graphicsenv=sun.awt.X11GraphicsEnvironment, java.endorsed.dirs=/usr/lib/jvm/java-8-oracle/jre/lib/endorsed, os.arch=amd64, surefire.real.class.path=/home/estudiante/Documents/examenfinal-arsw/target/surefire/surefirebooter1507911799367288081.jar, java.io.tmpdir=/tmp, line.separator=
, java.vm.specification.vendor=Oracle Corporation, os.name=Linux, maven.ext.class.path=/usr/local/netbeans-8.2/java/maven-nblib/netbeans-eventspy.jar, sun.jnu.encoding=UTF-8, java.library.path=/usr/lib/jvm/java-8-oracle/jre/lib/amd64:/usr/lib/jvm/java-8-oracle/jre/lib/i386::/usr/java/packages/lib/amd64:/usr/lib64:/lib64:/lib:/usr/lib, surefire.test.class.path=/home/estudiante/Documents/examenfinal-arsw/target/test-classes:/home/estudiante/Documents/examenfinal-arsw/target/classes:/home/estudiante/.m2/repository/org/hibernate/hibernate-core/5.0.7.Final/hibernate-core-5.0.7.Final.jar:/home/estudiante/.m2/repository/org/jboss/logging/jboss-logging/3.3.2.Final/jboss-logging-3.3.2.Final.jar:/home/estudiante/.m2/repository/org/hibernate/javax/persistence/hibernate-jpa-2.1-api/1.0.2.Final/hibernate-jpa-2.1-api-1.0.2.Final.jar:/home/estudiante/.m2/repository/org/javassist/javassist/3.18.1-GA/javassist-3.18.1-GA.jar:/home/estudiante/.m2/repository/antlr/antlr/2.7.7/antlr-2.7.7.jar:/home/estudiante/.m2/repository/org/apache/geronimo/specs/geronimo-jta_1.1_spec/1.1.1/geronimo-jta_1.1_spec-1.1.1.jar:/home/estudiante/.m2/repository/org/jboss/jandex/2.0.0.Final/jandex-2.0.0.Final.jar:/home/estudiante/.m2/repository/dom4j/dom4j/1.6.1/dom4j-1.6.1.jar:/home/estudiante/.m2/repository/org/hibernate/common/hibernate-commons-annotations/5.0.1.Final/hibernate-commons-annotations-5.0.1.Final.jar:/home/estudiante/.m2/repository/pl/zankowski/iextrading4j-all/2.2.4/iextrading4j-all-2.2.4.jar:/home/estudiante/.m2/repository/pl/zankowski/iextrading4j-api/2.2.4/iextrading4j-api-2.2.4.jar:/home/estudiante/.m2/repository/com/fasterxml/jackson/core/jackson-annotations/2.9.0/jackson-annotations-2.9.0.jar:/home/estudiante/.m2/repository/com/google/guava/guava/25.1-jre/guava-25.1-jre.jar:/home/estudiante/.m2/repository/com/google/code/findbugs/jsr305/3.0.2/jsr305-3.0.2.jar:/home/estudiante/.m2/repository/org/checkerframework/checker-qual/2.0.0/checker-qual-2.0.0.jar:/home/estudiante/.m2/repository/com/google/errorprone/error_prone_annotations/2.1.3/error_prone_annotations-2.1.3.jar:/home/estudiante/.m2/repository/com/google/j2objc/j2objc-annotations/1.1/j2objc-annotations-1.1.jar:/home/estudiante/.m2/repository/org/codehaus/mojo/animal-sniffer-annotations/1.14/animal-sniffer-annotations-1.14.jar:/home/estudiante/.m2/repository/pl/zankowski/iextrading4j-client/2.2.4/iextrading4j-client-2.2.4.jar:/home/estudiante/.m2/repository/javax/ws/rs/javax.ws.rs-api/2.1/javax.ws.rs-api-2.1.jar:/home/estudiante/.m2/repository/org/glassfish/jersey/core/jersey-client/2.26/jersey-client-2.26.jar:/home/estudiante/.m2/repository/org/glassfish/jersey/core/jersey-common/2.26/jersey-common-2.26.jar:/home/estudiante/.m2/repository/org/glassfish/hk2/osgi-resource-locator/1.0.1/osgi-resource-locator-1.0.1.jar:/home/estudiante/.m2/repository/org/glassfish/hk2/external/javax.inject/2.5.0-b42/javax.inject-2.5.0-b42.jar:/home/estudiante/.m2/repository/org/glassfish/jersey/inject/jersey-hk2/2.27/jersey-hk2-2.27.jar:/home/estudiante/.m2/repository/org/glassfish/hk2/hk2-locator/2.5.0-b42/hk2-locator-2.5.0-b42.jar:/home/estudiante/.m2/repository/org/glassfish/hk2/external/aopalliance-repackaged/2.5.0-b42/aopalliance-repackaged-2.5.0-b42.jar:/home/estudiante/.m2/repository/org/glassfish/hk2/hk2-api/2.5.0-b42/hk2-api-2.5.0-b42.jar:/home/estudiante/.m2/repository/javax/inject/javax.inject/1/javax.inject-1.jar:/home/estudiante/.m2/repository/org/glassfish/hk2/hk2-utils/2.5.0-b42/hk2-utils-2.5.0-b42.jar:/home/estudiante/.m2/repository/org/glassfish/jersey/media/jersey-media-json-jackson/2.26/jersey-media-json-jackson-2.26.jar:/home/estudiante/.m2/repository/org/glassfish/jersey/ext/jersey-entity-filtering/2.26/jersey-entity-filtering-2.26.jar:/home/estudiante/.m2/repository/com/fasterxml/jackson/module/jackson-module-jaxb-annotations/2.9.7/jackson-module-jaxb-annotations-2.9.7.jar:/home/estudiante/.m2/repository/com/fasterxml/jackson/datatype/jackson-datatype-jsr310/2.9.7/jackson-datatype-jsr310-2.9.7.jar:/home/estudiante/.m2/repository/com/fasterxml/jackson/core/jackson-core/2.9.7/jackson-core-2.9.7.jar:/home/estudiante/.m2/repository/io/socket/socket.io-client/1.0.0/socket.io-client-1.0.0.jar:/home/estudiante/.m2/repository/io/socket/engine.io-client/1.0.0/engine.io-client-1.0.0.jar:/home/estudiante/.m2/repository/com/squareup/okhttp3/okhttp/3.8.1/okhttp-3.8.1.jar:/home/estudiante/.m2/repository/com/squareup/okio/okio/1.13.0/okio-1.13.0.jar:/home/estudiante/.m2/repository/org/json/json/20090211/json-20090211.jar:/home/estudiante/.m2/repository/javax/xml/bind/jaxb-api/2.3.1/jaxb-api-2.3.1.jar:/home/estudiante/.m2/repository/javax/activation/javax.activation-api/1.2.0/javax.activation-api-1.2.0.jar:/home/estudiante/.m2/repository/com/sun/xml/bind/jaxb-impl/2.3.0/jaxb-impl-2.3.0.jar:/home/estudiante/.m2/repository/org/glassfish/jaxb/jaxb-runtime/2.3.0/jaxb-runtime-2.3.0.jar:/home/estudiante/.m2/repository/org/glassfish/jaxb/jaxb-core/2.3.0/jaxb-core-2.3.0.jar:/home/estudiante/.m2/repository/org/glassfish/jaxb/txw2/2.3.0/txw2-2.3.0.jar:/home/estudiante/.m2/repository/com/sun/istack/istack-commons-runtime/3.0.5/istack-commons-runtime-3.0.5.jar:/home/estudiante/.m2/repository/org/jvnet/staxex/stax-ex/1.7.8/stax-ex-1.7.8.jar:/home/estudiante/.m2/repository/com/sun/xml/fastinfoset/FastInfoset/1.2.13/FastInfoset-1.2.13.jar:/home/estudiante/.m2/repository/javax/activation/activation/1.1.1/activation-1.1.1.jar:/home/estudiante/.m2/repository/org/springframework/boot/spring-boot-starter-actuator/2.0.6.RELEASE/spring-boot-starter-actuator-2.0.6.RELEASE.jar:/home/estudiante/.m2/repository/org/springframework/boot/spring-boot-starter/2.0.6.RELEASE/spring-boot-starter-2.0.6.RELEASE.jar:/home/estudiante/.m2/repository/org/springframework/boot/spring-boot-starter-logging/2.0.6.RELEASE/spring-boot-starter-logging-2.0.6.RELEASE.jar:/home/estudiante/.m2/repository/ch/qos/logback/logback-classic/1.2.3/logback-classic-1.2.3.jar:/home/estudiante/.m2/repository/ch/qos/logback/logback-core/1.2.3/logback-core-1.2.3.jar:/home/estudiante/.m2/repository/org/apache/logging/log4j/log4j-to-slf4j/2.10.0/log4j-to-slf4j-2.10.0.jar:/home/estudiante/.m2/repository/org/apache/logging/log4j/log4j-api/2.10.0/log4j-api-2.10.0.jar:/home/estudiante/.m2/repository/org/slf4j/jul-to-slf4j/1.7.25/jul-to-slf4j-1.7.25.jar:/home/estudiante/.m2/repository/javax/annotation/javax.annotation-api/1.3.2/javax.annotation-api-1.3.2.jar:/home/estudiante/.m2/repository/org/yaml/snakeyaml/1.19/snakeyaml-1.19.jar:/home/estudiante/.m2/repository/org/springframework/boot/spring-boot-actuator-autoconfigure/2.0.6.RELEASE/spring-boot-actuator-autoconfigure-2.0.6.RELEASE.jar:/home/estudiante/.m2/repository/org/springframework/boot/spring-boot-actuator/2.0.6.RELEASE/spring-boot-actuator-2.0.6.RELEASE.jar:/home/estudiante/.m2/repository/com/fasterxml/jackson/core/jackson-databind/2.9.7/jackson-databind-2.9.7.jar:/home/estudiante/.m2/repository/org/springframework/spring-context/5.0.10.RELEASE/spring-context-5.0.10.RELEASE.jar:/home/estudiante/.m2/repository/io/micrometer/micrometer-core/1.0.7/micrometer-core-1.0.7.jar:/home/estudiante/.m2/repository/org/hdrhistogram/HdrHistogram/2.1.10/HdrHistogram-2.1.10.jar:/home/estudiante/.m2/repository/org/latencyutils/LatencyUtils/2.0.3/LatencyUtils-2.0.3.jar:/home/estudiante/.m2/repository/org/springframework/boot/spring-boot-starter-web/2.0.6.RELEASE/spring-boot-starter-web-2.0.6.RELEASE.jar:/home/estudiante/.m2/repository/org/springframework/boot/spring-boot-starter-json/2.0.6.RELEASE/spring-boot-starter-json-2.0.6.RELEASE.jar:/home/estudiante/.m2/repository/com/fasterxml/jackson/datatype/jackson-datatype-jdk8/2.9.7/jackson-datatype-jdk8-2.9.7.jar:/home/estudiante/.m2/repository/com/fasterxml/jackson/module/jackson-module-parameter-names/2.9.7/jackson-module-parameter-names-2.9.7.jar:/home/estudiante/.m2/repository/org/springframework/boot/spring-boot-starter-tomcat/2.0.6.RELEASE/spring-boot-starter-tomcat-2.0.6.RELEASE.jar:/home/estudiante/.m2/repository/org/apache/tomcat/embed/tomcat-embed-core/8.5.34/tomcat-embed-core-8.5.34.jar:/home/estudiante/.m2/repository/org/apache/tomcat/embed/tomcat-embed-el/8.5.34/tomcat-embed-el-8.5.34.jar:/home/estudiante/.m2/repository/org/apache/tomcat/embed/tomcat-embed-websocket/8.5.34/tomcat-embed-websocket-8.5.34.jar:/home/estudiante/.m2/repository/org/hibernate/validator/hibernate-validator/6.0.13.Final/hibernate-validator-6.0.13.Final.jar:/home/estudiante/.m2/repository/javax/validation/validation-api/2.0.1.Final/validation-api-2.0.1.Final.jar:/home/estudiante/.m2/repository/com/fasterxml/classmate/1.3.4/classmate-1.3.4.jar:/home/estudiante/.m2/repository/org/springframework/spring-webmvc/5.0.10.RELEASE/spring-webmvc-5.0.10.RELEASE.jar:/home/estudiante/.m2/repository/org/springframework/spring-aop/5.0.10.RELEASE/spring-aop-5.0.10.RELEASE.jar:/home/estudiante/.m2/repository/org/springframework/spring-expression/5.0.10.RELEASE/spring-expression-5.0.10.RELEASE.jar:/home/estudiante/.m2/repository/org/springframework/boot/spring-boot-starter-thymeleaf/2.0.6.RELEASE/spring-boot-starter-thymeleaf-2.0.6.RELEASE.jar:/home/estudiante/.m2/repository/org/thymeleaf/thymeleaf-spring5/3.0.10.RELEASE/thymeleaf-spring5-3.0.10.RELEASE.jar:/home/estudiante/.m2/repository/org/thymeleaf/thymeleaf/3.0.10.RELEASE/thymeleaf-3.0.10.RELEASE.jar:/home/estudiante/.m2/repository/org/attoparser/attoparser/2.0.5.RELEASE/attoparser-2.0.5.RELEASE.jar:/home/estudiante/.m2/repository/org/unbescape/unbescape/1.1.6.RELEASE/unbescape-1.1.6.RELEASE.jar:/home/estudiante/.m2/repository/org/thymeleaf/extras/thymeleaf-extras-java8time/3.0.1.RELEASE/thymeleaf-extras-java8time-3.0.1.RELEASE.jar:/home/estudiante/.m2/repository/org/springframework/boot/spring-boot-starter-test/2.0.6.RELEASE/spring-boot-starter-test-2.0.6.RELEASE.jar:/home/estudiante/.m2/repository/org/springframework/boot/spring-boot-test/2.0.6.RELEASE/spring-boot-test-2.0.6.RELEASE.jar:/home/estudiante/.m2/repository/org/springframework/boot/spring-boot-test-autoconfigure/2.0.6.RELEASE/spring-boot-test-autoconfigure-2.0.6.RELEASE.jar:/home/estudiante/.m2/repository/com/jayway/jsonpath/json-path/2.4.0/json-path-2.4.0.jar:/home/estudiante/.m2/repository/net/minidev/json-smart/2.3/json-smart-2.3.jar:/home/estudiante/.m2/repository/net/minidev/accessors-smart/1.2/accessors-smart-1.2.jar:/home/estudiante/.m2/repository/org/ow2/asm/asm/5.0.4/asm-5.0.4.jar:/home/estudiante/.m2/repository/junit/junit/4.12/junit-4.12.jar:/home/estudiante/.m2/repository/org/assertj/assertj-core/3.9.1/assertj-core-3.9.1.jar:/home/estudiante/.m2/repository/org/mockito/mockito-core/2.15.0/mockito-core-2.15.0.jar:/home/estudiante/.m2/repository/net/bytebuddy/byte-buddy/1.7.11/byte-buddy-1.7.11.jar:/home/estudiante/.m2/repository/net/bytebuddy/byte-buddy-agent/1.7.11/byte-buddy-agent-1.7.11.jar:/home/estudiante/.m2/repository/org/objenesis/objenesis/2.6/objenesis-2.6.jar:/home/estudiante/.m2/repository/org/hamcrest/hamcrest-core/1.3/hamcrest-core-1.3.jar:/home/estudiante/.m2/repository/org/hamcrest/hamcrest-library/1.3/hamcrest-library-1.3.jar:/home/estudiante/.m2/repository/org/skyscreamer/jsonassert/1.5.0/jsonassert-1.5.0.jar:/home/estudiante/.m2/repository/com/vaadin/external/google/android-json/0.0.20131108.vaadin1/android-json-0.0.20131108.vaadin1.jar:/home/estudiante/.m2/repository/org/springframework/spring-core/5.0.10.RELEASE/spring-core-5.0.10.RELEASE.jar:/home/estudiante/.m2/repository/org/springframework/spring-jcl/5.0.10.RELEASE/spring-jcl-5.0.10.RELEASE.jar:/home/estudiante/.m2/repository/org/springframework/spring-test/5.0.10.RELEASE/spring-test-5.0.10.RELEASE.jar:/home/estudiante/.m2/repository/org/xmlunit/xmlunit-core/2.5.1/xmlunit-core-2.5.1.jar:/home/estudiante/.m2/repository/org/postgresql/postgresql/42.2.5/postgresql-42.2.5.jar:/home/estudiante/.m2/repository/com/zaxxer/HikariCP/2.7.9/HikariCP-2.7.9.jar:/home/estudiante/.m2/repository/org/slf4j/slf4j-api/1.7.25/slf4j-api-1.7.25.jar:/home/estudiante/.m2/repository/org/webjars/jquery/3.3.1-1/jquery-3.3.1-1.jar:/home/estudiante/.m2/repository/org/webjars/jquery-ui/1.12.1/jquery-ui-1.12.1.jar:/home/estudiante/.m2/repository/org/webjars/bootstrap/4.1.0/bootstrap-4.1.0.jar:/home/estudiante/.m2/repository/org/webjars/popper.js/1.14.1/popper.js-1.14.1.jar:/home/estudiante/.m2/repository/org/springframework/boot/spring-boot-devtools/2.0.6.RELEASE/spring-boot-devtools-2.0.6.RELEASE.jar:/home/estudiante/.m2/repository/org/springframework/boot/spring-boot/2.0.6.RELEASE/spring-boot-2.0.6.RELEASE.jar:/home/estudiante/.m2/repository/org/springframework/boot/spring-boot-autoconfigure/2.0.6.RELEASE/spring-boot-autoconfigure-2.0.6.RELEASE.jar:/home/estudiante/.m2/repository/org/springframework/spring-web/5.0.9.RELEASE/spring-web-5.0.9.RELEASE.jar:/home/estudiante/.m2/repository/org/springframework/spring-beans/5.0.10.RELEASE/spring-beans-5.0.10.RELEASE.jar:, java.specification.name=Java Platform API Specification, java.class.version=52.0, sun.management.compiler=HotSpot 64-Bit Tiered Compilers, os.version=4.4.0-116-generic, user.home=/home/estudiante, user.timezone=America/Bogota, java.awt.printerjob=sun.print.PSPrinterJob, file.encoding=UTF-8, java.specification.version=1.8, java.class.path=/home/estudiante/Documents/examenfinal-arsw/target/test-classes:/home/estudiante/Documents/examenfinal-arsw/target/classes:/home/estudiante/.m2/repository/org/hibernate/hibernate-core/5.0.7.Final/hibernate-core-5.0.7.Final.jar:/home/estudiante/.m2/repository/org/jboss/logging/jboss-logging/3.3.2.Final/jboss-logging-3.3.2.Final.jar:/home/estudiante/.m2/repository/org/hibernate/javax/persistence/hibernate-jpa-2.1-api/1.0.2.Final/hibernate-jpa-2.1-api-1.0.2.Final.jar:/home/estudiante/.m2/repository/org/javassist/javassist/3.18.1-GA/javassist-3.18.1-GA.jar:/home/estudiante/.m2/repository/antlr/antlr/2.7.7/antlr-2.7.7.jar:/home/estudiante/.m2/repository/org/apache/geronimo/specs/geronimo-jta_1.1_spec/1.1.1/geronimo-jta_1.1_spec-1.1.1.jar:/home/estudiante/.m2/repository/org/jboss/jandex/2.0.0.Final/jandex-2.0.0.Final.jar:/home/estudiante/.m2/repository/dom4j/dom4j/1.6.1/dom4j-1.6.1.jar:/home/estudiante/.m2/repository/org/hibernate/common/hibernate-commons-annotations/5.0.1.Final/hibernate-commons-annotations-5.0.1.Final.jar:/home/estudiante/.m2/repository/pl/zankowski/iextrading4j-all/2.2.4/iextrading4j-all-2.2.4.jar:/home/estudiante/.m2/repository/pl/zankowski/iextrading4j-api/2.2.4/iextrading4j-api-2.2.4.jar:/home/estudiante/.m2/repository/com/fasterxml/jackson/core/jackson-annotations/2.9.0/jackson-annotations-2.9.0.jar:/home/estudiante/.m2/repository/com/google/guava/guava/25.1-jre/guava-25.1-jre.jar:/home/estudiante/.m2/repository/com/google/code/findbugs/jsr305/3.0.2/jsr305-3.0.2.jar:/home/estudiante/.m2/repository/org/checkerframework/checker-qual/2.0.0/checker-qual-2.0.0.jar:/home/estudiante/.m2/repository/com/google/errorprone/error_prone_annotations/2.1.3/error_prone_annotations-2.1.3.jar:/home/estudiante/.m2/repository/com/google/j2objc/j2objc-annotations/1.1/j2objc-annotations-1.1.jar:/home/estudiante/.m2/repository/org/codehaus/mojo/animal-sniffer-annotations/1.14/animal-sniffer-annotations-1.14.jar:/home/estudiante/.m2/repository/pl/zankowski/iextrading4j-client/2.2.4/iextrading4j-client-2.2.4.jar:/home/estudiante/.m2/repository/javax/ws/rs/javax.ws.rs-api/2.1/javax.ws.rs-api-2.1.jar:/home/estudiante/.m2/repository/org/glassfish/jersey/core/jersey-client/2.26/jersey-client-2.26.jar:/home/estudiante/.m2/repository/org/glassfish/jersey/core/jersey-common/2.26/jersey-common-2.26.jar:/home/estudiante/.m2/repository/org/glassfish/hk2/osgi-resource-locator/1.0.1/osgi-resource-locator-1.0.1.jar:/home/estudiante/.m2/repository/org/glassfish/hk2/external/javax.inject/2.5.0-b42/javax.inject-2.5.0-b42.jar:/home/estudiante/.m2/repository/org/glassfish/jersey/inject/jersey-hk2/2.27/jersey-hk2-2.27.jar:/home/estudiante/.m2/repository/org/glassfish/hk2/hk2-locator/2.5.0-b42/hk2-locator-2.5.0-b42.jar:/home/estudiante/.m2/repository/org/glassfish/hk2/external/aopalliance-repackaged/2.5.0-b42/aopalliance-repackaged-2.5.0-b42.jar:/home/estudiante/.m2/repository/org/glassfish/hk2/hk2-api/2.5.0-b42/hk2-api-2.5.0-b42.jar:/home/estudiante/.m2/repository/javax/inject/javax.inject/1/javax.inject-1.jar:/home/estudiante/.m2/repository/org/glassfish/hk2/hk2-utils/2.5.0-b42/hk2-utils-2.5.0-b42.jar:/home/estudiante/.m2/repository/org/glassfish/jersey/media/jersey-media-json-jackson/2.26/jersey-media-json-jackson-2.26.jar:/home/estudiante/.m2/repository/org/glassfish/jersey/ext/jersey-entity-filtering/2.26/jersey-entity-filtering-2.26.jar:/home/estudiante/.m2/repository/com/fasterxml/jackson/module/jackson-module-jaxb-annotations/2.9.7/jackson-module-jaxb-annotations-2.9.7.jar:/home/estudiante/.m2/repository/com/fasterxml/jackson/datatype/jackson-datatype-jsr310/2.9.7/jackson-datatype-jsr310-2.9.7.jar:/home/estudiante/.m2/repository/com/fasterxml/jackson/core/jackson-core/2.9.7/jackson-core-2.9.7.jar:/home/estudiante/.m2/repository/io/socket/socket.io-client/1.0.0/socket.io-client-1.0.0.jar:/home/estudiante/.m2/repository/io/socket/engine.io-client/1.0.0/engine.io-client-1.0.0.jar:/home/estudiante/.m2/repository/com/squareup/okhttp3/okhttp/3.8.1/okhttp-3.8.1.jar:/home/estudiante/.m2/repository/com/squareup/okio/okio/1.13.0/okio-1.13.0.jar:/home/estudiante/.m2/repository/org/json/json/20090211/json-20090211.jar:/home/estudiante/.m2/repository/javax/xml/bind/jaxb-api/2.3.1/jaxb-api-2.3.1.jar:/home/estudiante/.m2/repository/javax/activation/javax.activation-api/1.2.0/javax.activation-api-1.2.0.jar:/home/estudiante/.m2/repository/com/sun/xml/bind/jaxb-impl/2.3.0/jaxb-impl-2.3.0.jar:/home/estudiante/.m2/repository/org/glassfish/jaxb/jaxb-runtime/2.3.0/jaxb-runtime-2.3.0.jar:/home/estudiante/.m2/repository/org/glassfish/jaxb/jaxb-core/2.3.0/jaxb-core-2.3.0.jar:/home/estudiante/.m2/repository/org/glassfish/jaxb/txw2/2.3.0/txw2-2.3.0.jar:/home/estudiante/.m2/repository/com/sun/istack/istack-commons-runtime/3.0.5/istack-commons-runtime-3.0.5.jar:/home/estudiante/.m2/repository/org/jvnet/staxex/stax-ex/1.7.8/stax-ex-1.7.8.jar:/home/estudiante/.m2/repository/com/sun/xml/fastinfoset/FastInfoset/1.2.13/FastInfoset-1.2.13.jar:/home/estudiante/.m2/repository/javax/activation/activation/1.1.1/activation-1.1.1.jar:/home/estudiante/.m2/repository/org/springframework/boot/spring-boot-starter-actuator/2.0.6.RELEASE/spring-boot-starter-actuator-2.0.6.RELEASE.jar:/home/estudiante/.m2/repository/org/springframework/boot/spring-boot-starter/2.0.6.RELEASE/spring-boot-starter-2.0.6.RELEASE.jar:/home/estudiante/.m2/repository/org/springframework/boot/spring-boot-starter-logging/2.0.6.RELEASE/spring-boot-starter-logging-2.0.6.RELEASE.jar:/home/estudiante/.m2/repository/ch/qos/logback/logback-classic/1.2.3/logback-classic-1.2.3.jar:/home/estudiante/.m2/repository/ch/qos/logback/logback-core/1.2.3/logback-core-1.2.3.jar:/home/estudiante/.m2/repository/org/apache/logging/log4j/log4j-to-slf4j/2.10.0/log4j-to-slf4j-2.10.0.jar:/home/estudiante/.m2/repository/org/apache/logging/log4j/log4j-api/2.10.0/log4j-api-2.10.0.jar:/home/estudiante/.m2/repository/org/slf4j/jul-to-slf4j/1.7.25/jul-to-slf4j-1.7.25.jar:/home/estudiante/.m2/repository/javax/annotation/javax.annotation-api/1.3.2/javax.annotation-api-1.3.2.jar:/home/estudiante/.m2/repository/org/yaml/snakeyaml/1.19/snakeyaml-1.19.jar:/home/estudiante/.m2/repository/org/springframework/boot/spring-boot-actuator-autoconfigure/2.0.6.RELEASE/spring-boot-actuator-autoconfigure-2.0.6.RELEASE.jar:/home/estudiante/.m2/repository/org/springframework/boot/spring-boot-actuator/2.0.6.RELEASE/spring-boot-actuator-2.0.6.RELEASE.jar:/home/estudiante/.m2/repository/com/fasterxml/jackson/core/jackson-databind/2.9.7/jackson-databind-2.9.7.jar:/home/estudiante/.m2/repository/org/springframework/spring-context/5.0.10.RELEASE/spring-context-5.0.10.RELEASE.jar:/home/estudiante/.m2/repository/io/micrometer/micrometer-core/1.0.7/micrometer-core-1.0.7.jar:/home/estudiante/.m2/repository/org/hdrhistogram/HdrHistogram/2.1.10/HdrHistogram-2.1.10.jar:/home/estudiante/.m2/repository/org/latencyutils/LatencyUtils/2.0.3/LatencyUtils-2.0.3.jar:/home/estudiante/.m2/repository/org/springframework/boot/spring-boot-starter-web/2.0.6.RELEASE/spring-boot-starter-web-2.0.6.RELEASE.jar:/home/estudiante/.m2/repository/org/springframework/boot/spring-boot-starter-json/2.0.6.RELEASE/spring-boot-starter-json-2.0.6.RELEASE.jar:/home/estudiante/.m2/repository/com/fasterxml/jackson/datatype/jackson-datatype-jdk8/2.9.7/jackson-datatype-jdk8-2.9.7.jar:/home/estudiante/.m2/repository/com/fasterxml/jackson/module/jackson-module-parameter-names/2.9.7/jackson-module-parameter-names-2.9.7.jar:/home/estudiante/.m2/repository/org/springframework/boot/spring-boot-starter-tomcat/2.0.6.RELEASE/spring-boot-starter-tomcat-2.0.6.RELEASE.jar:/home/estudiante/.m2/repository/org/apache/tomcat/embed/tomcat-embed-core/8.5.34/tomcat-embed-core-8.5.34.jar:/home/estudiante/.m2/repository/org/apache/tomcat/embed/tomcat-embed-el/8.5.34/tomcat-embed-el-8.5.34.jar:/home/estudiante/.m2/repository/org/apache/tomcat/embed/tomcat-embed-websocket/8.5.34/tomcat-embed-websocket-8.5.34.jar:/home/estudiante/.m2/repository/org/hibernate/validator/hibernate-validator/6.0.13.Final/hibernate-validator-6.0.13.Final.jar:/home/estudiante/.m2/repository/javax/validation/validation-api/2.0.1.Final/validation-api-2.0.1.Final.jar:/home/estudiante/.m2/repository/com/fasterxml/classmate/1.3.4/classmate-1.3.4.jar:/home/estudiante/.m2/repository/org/springframework/spring-webmvc/5.0.10.RELEASE/spring-webmvc-5.0.10.RELEASE.jar:/home/estudiante/.m2/repository/org/springframework/spring-aop/5.0.10.RELEASE/spring-aop-5.0.10.RELEASE.jar:/home/estudiante/.m2/repository/org/springframework/spring-expression/5.0.10.RELEASE/spring-expression-5.0.10.RELEASE.jar:/home/estudiante/.m2/repository/org/springframework/boot/spring-boot-starter-thymeleaf/2.0.6.RELEASE/spring-boot-starter-thymeleaf-2.0.6.RELEASE.jar:/home/estudiante/.m2/repository/org/thymeleaf/thymeleaf-spring5/3.0.10.RELEASE/thymeleaf-spring5-3.0.10.RELEASE.jar:/home/estudiante/.m2/repository/org/thymeleaf/thymeleaf/3.0.10.RELEASE/thymeleaf-3.0.10.RELEASE.jar:/home/estudiante/.m2/repository/org/attoparser/attoparser/2.0.5.RELEASE/attoparser-2.0.5.RELEASE.jar:/home/estudiante/.m2/repository/org/unbescape/unbescape/1.1.6.RELEASE/unbescape-1.1.6.RELEASE.jar:/home/estudiante/.m2/repository/org/thymeleaf/extras/thymeleaf-extras-java8time/3.0.1.RELEASE/thymeleaf-extras-java8time-3.0.1.RELEASE.jar:/home/estudiante/.m2/repository/org/springframework/boot/spring-boot-starter-test/2.0.6.RELEASE/spring-boot-starter-test-2.0.6.RELEASE.jar:/home/estudiante/.m2/repository/org/springframework/boot/spring-boot-test/2.0.6.RELEASE/spring-boot-test-2.0.6.RELEASE.jar:/home/estudiante/.m2/repository/org/springframework/boot/spring-boot-test-autoconfigure/2.0.6.RELEASE/spring-boot-test-autoconfigure-2.0.6.RELEASE.jar:/home/estudiante/.m2/repository/com/jayway/jsonpath/json-path/2.4.0/json-path-2.4.0.jar:/home/estudiante/.m2/repository/net/minidev/json-smart/2.3/json-smart-2.3.jar:/home/estudiante/.m2/repository/net/minidev/accessors-smart/1.2/accessors-smart-1.2.jar:/home/estudiante/.m2/repository/org/ow2/asm/asm/5.0.4/asm-5.0.4.jar:/home/estudiante/.m2/repository/junit/junit/4.12/junit-4.12.jar:/home/estudiante/.m2/repository/org/assertj/assertj-core/3.9.1/assertj-core-3.9.1.jar:/home/estudiante/.m2/repository/org/mockito/mockito-core/2.15.0/mockito-core-2.15.0.jar:/home/estudiante/.m2/repository/net/bytebuddy/byte-buddy/1.7.11/byte-buddy-1.7.11.jar:/home/estudiante/.m2/repository/net/bytebuddy/byte-buddy-agent/1.7.11/byte-buddy-agent-1.7.11.jar:/home/estudiante/.m2/repository/org/objenesis/objenesis/2.6/objenesis-2.6.jar:/home/estudiante/.m2/repository/org/hamcrest/hamcrest-core/1.3/hamcrest-core-1.3.jar:/home/estudiante/.m2/repository/org/hamcrest/hamcrest-library/1.3/hamcrest-library-1.3.jar:/home/estudiante/.m2/repository/org/skyscreamer/jsonassert/1.5.0/jsonassert-1.5.0.jar:/home/estudiante/.m2/repository/com/vaadin/external/google/android-json/0.0.20131108.vaadin1/android-json-0.0.20131108.vaadin1.jar:/home/estudiante/.m2/repository/org/springframework/spring-core/5.0.10.RELEASE/spring-core-5.0.10.RELEASE.jar:/home/estudiante/.m2/repository/org/springframework/spring-jcl/5.0.10.RELEASE/spring-jcl-5.0.10.RELEASE.jar:/home/estudiante/.m2/repository/org/springframework/spring-test/5.0.10.RELEASE/spring-test-5.0.10.RELEASE.jar:/home/estudiante/.m2/repository/org/xmlunit/xmlunit-core/2.5.1/xmlunit-core-2.5.1.jar:/home/estudiante/.m2/repository/org/postgresql/postgresql/42.2.5/postgresql-42.2.5.jar:/home/estudiante/.m2/repository/com/zaxxer/HikariCP/2.7.9/HikariCP-2.7.9.jar:/home/estudiante/.m2/repository/org/slf4j/slf4j-api/1.7.25/slf4j-api-1.7.25.jar:/home/estudiante/.m2/repository/org/webjars/jquery/3.3.1-1/jquery-3.3.1-1.jar:/home/estudiante/.m2/repository/org/webjars/jquery-ui/1.12.1/jquery-ui-1.12.1.jar:/home/estudiante/.m2/repository/org/webjars/bootstrap/4.1.0/bootstrap-4.1.0.jar:/home/estudiante/.m2/repository/org/webjars/popper.js/1.14.1/popper.js-1.14.1.jar:/home/estudiante/.m2/repository/org/springframework/boot/spring-boot-devtools/2.0.6.RELEASE/spring-boot-devtools-2.0.6.RELEASE.jar:/home/estudiante/.m2/repository/org/springframework/boot/spring-boot/2.0.6.RELEASE/spring-boot-2.0.6.RELEASE.jar:/home/estudiante/.m2/repository/org/springframework/boot/spring-boot-autoconfigure/2.0.6.RELEASE/spring-boot-autoconfigure-2.0.6.RELEASE.jar:/home/estudiante/.m2/repository/org/springframework/spring-web/5.0.9.RELEASE/spring-web-5.0.9.RELEASE.jar:/home/estudiante/.m2/repository/org/springframework/spring-beans/5.0.10.RELEASE/spring-beans-5.0.10.RELEASE.jar:, user.name=estudiante, java.vm.specification.version=1.8, sun.java.command=/home/estudiante/Documents/examenfinal-arsw/target/surefire/surefirebooter1507911799367288081.jar /home/estudiante/Documents/examenfinal-arsw/target/surefire 2018-12-04T11-35-36_339-jvmRun1 surefire4014853920395583328tmp surefire_02433308078973179515tmp, java.home=/usr/lib/jvm/java-8-oracle/jre, sun.arch.data.model=64, user.language=en, java.specification.vendor=Oracle Corporation, awt.toolkit=sun.awt.X11.XToolkit, java.vm.info=mixed mode, java.version=1.8.0_161, java.ext.dirs=/usr/lib/jvm/java-8-oracle/jre/lib/ext:/usr/java/packages/lib/ext, sun.boot.class.path=/usr/lib/jvm/java-8-oracle/jre/lib/resources.jar:/usr/lib/jvm/java-8-oracle/jre/lib/rt.jar:/usr/lib/jvm/java-8-oracle/jre/lib/sunrsasign.jar:/usr/lib/jvm/java-8-oracle/jre/lib/jsse.jar:/usr/lib/jvm/java-8-oracle/jre/lib/jce.jar:/usr/lib/jvm/java-8-oracle/jre/lib/charsets.jar:/usr/lib/jvm/java-8-oracle/jre/lib/jfr.jar:/usr/lib/jvm/java-8-oracle/jre/classes, java.vendor=Oracle Corporation, localRepository=/home/estudiante/.m2/repository, file.separator=/, java.vendor.url.bug=http://bugreport.sun.com/bugreport/, sun.io.unicode.encoding=UnicodeLittle, sun.cpu.endian=little, sun.desktop=gnome, sun.cpu.isalist=}}, SystemEnvironmentPropertySource@868964689 {name='systemEnvironment', properties={PATH=/usr/local/sbin:/usr/local/bin:/usr/sbin:/usr/bin:/sbin:/bin:/opt/gradle/gradle-4.5/bin, LC_MEASUREMENT=es_CO.UTF-8, XAUTHORITY=/home/estudiante/.Xauthority, LC_TELEPHONE=es_CO.UTF-8, XDG_DATA_DIRS=/usr/share/cinnamon:/usr/share/gnome:/usr/local/share/:/usr/share/:/usr/share/mdm/:/var/lib/snapd/desktop, GDMSESSION=cinnamon, MANDATORY_PATH=/usr/share/gconf/cinnamon.mandatory.path, DBUS_SESSION_BUS_ADDRESS=unix:abstract=/tmp/dbus-gJ1rWXSPDI,guid=888ebfbba219194798686cc15c066da0, ANDROID_HOME=/usr/share/SDK, DEFAULTS_PATH=/usr/share/gconf/cinnamon.default.path, XDG_CURRENT_DESKTOP=X-Cinnamon, NB_EXEC_MAVEN_PROCESS_UUID=e986f996-cea4-4d52-80ab-0bf6c04d82b4, SSH_AGENT_PID=2565, LD_LIBRARY_PATH=/usr/lib/jvm/java-8-oracle/jre/lib/amd64:/usr/lib/jvm/java-8-oracle/jre/lib/i386:, LC_PAPER=es_CO.UTF-8, SESSION_MANAGER=local/linux17:@/tmp/.ICE-unix/2433,unix/linux17:/tmp/.ICE-unix/2433, USERNAME=estudiante, QT_LINUX_ACCESSIBILITY_ALWAYS_ON=1, LOGNAME=estudiante, PWD=/home/estudiante/Documents/examenfinal-arsw, DERBY_HOME=/usr/lib/jvm/java-8-oracle/db, MATHEMATICA_HOME=/usr/local/Wolfram/Mathematica/11.2, GJS_DEBUG_TOPICS=JS ERROR;JS LOG, SHELL=/bin/bash, LC_ADDRESS=es_CO.UTF-8, GIO_LAUNCHED_DESKTOP_FILE=/usr/share/applications/netbeans-8.2.desktop, J2SDKDIR=/usr/lib/jvm/java-8-oracle, OLDPWD=/home/estudiante/Documents/examenfinal-arsw, GNOME_DESKTOP_SESSION_ID=this-is-deprecated, GTK_MODULES=gail:atk-bridge, J2REDIR=/usr/lib/jvm/java-8-oracle/jre, M2_HOME=/usr/local/netbeans-8.2/java/maven, XDG_SESSION_COOKIE=7f7937962fb84573ac8555c256fbf9fc-1543925147.853346-1938981096, MDMSESSION=cinnamon, XDG_SESSION_DESKTOP=cinnamon, SHLVL=1, LC_IDENTIFICATION=es_CO.UTF-8, J2D_PIXMAPS=shared, LC_MONETARY=es_CO.UTF-8, JAVA_HOME=/usr/lib/jvm/java-8-oracle, XDG_CONFIG_DIRS=/etc/xdg/xdg-cinnamon:/etc/xdg, LANG=en_US.UTF-8, XDG_SESSION_ID=c1, DISPLAY=:0, QT_STYLE_OVERRIDE=gtk, MDM_LANG=en_US.UTF-8, LIBVIRT_DEFAULT_URI=qemu:///system, netbeansProjectMappings=, CINNAMON_VERSION=3.0.7, LC_NAME=es_CO.UTF-8, _=/usr/lib/jvm/java-8-oracle/bin/java, GDM_XSERVER_LOCATION=local, DESKTOP_SESSION=cinnamon, USER=estudiante, GIO_LAUNCHED_DESKTOP_FILE_PID=10375, QT_ACCESSIBILITY=1, WINDOWPATH=8, LC_NUMERIC=es_CO.UTF-8, GJS_DEBUG_OUTPUT=stderr, MDM_XSERVER_LOCATION=local, SSH_AUTH_SOCK=/run/user/1001/keyring/ssh, XDG_SEAT=seat0, GTK_OVERLAY_SCROLLING=1, PT6HOME=/opt/CiscoPacketTracer/, XDG_VTNR=8, XDG_RUNTIME_DIR=/run/user/1001, HOME=/home/estudiante}}]
11:35:36.762 [main] DEBUG org.springframework.core.io.support.PathMatchingResourcePatternResolver - Resolved classpath location [dataTest/] to resources [URL [file:/home/estudiante/Documents/examenfinal-arsw/target/test-classes/dataTest/]]
11:35:36.763 [main] DEBUG org.springframework.core.io.support.PathMatchingResourcePatternResolver - Looking for matching resources in directory tree [/home/estudiante/Documents/examenfinal-arsw/target/test-classes/dataTest]
11:35:36.763 [main] DEBUG org.springframework.core.io.support.PathMatchingResourcePatternResolver - Searching directory [/home/estudiante/Documents/examenfinal-arsw/target/test-classes/dataTest] for files matching pattern [/home/estudiante/Documents/examenfinal-arsw/target/test-classes/dataTest/*.class]
11:35:36.765 [main] DEBUG org.springframework.core.io.support.PathMatchingResourcePatternResolver - Resolved location pattern [classpath*:dataTest/*.class] to resources [file [/home/estudiante/Documents/examenfinal-arsw/target/test-classes/dataTest/TempConvertTests.class]]
]]></system-out>
  </testcase>
</testsuite>